2019-04-07 02:30:14,153  INFO BooksApplication:50 - Starting BooksApplication on Alisa with PID 19700 (E:\Document\Books\target\classes started by Alisa in E:\Document\Books)
2019-04-07 02:30:14,156  INFO BooksApplication:675 - No active profile set, falling back to default profiles: default
2019-04-07 02:30:14,230  INFO DevToolsPropertyDefaultsPostProcessor:227 - Devtools property defaults active! Set 'spring.devtools.add-properties' to 'false' to disable
2019-04-07 02:30:14,231  INFO DevToolsPropertyDefaultsPostProcessor:227 - For additional web related logging consider setting the 'logging.level.web' property to 'DEBUG'
2019-04-07 02:30:16,270  INFO RepositoryConfigurationDelegate:126 - Bootstrapping Spring Data repositories in DEFAULT mode.
2019-04-07 02:30:17,097  INFO RepositoryConfigurationDelegate:182 - Finished Spring Data repository scanning in 813ms. Found 0 repository interfaces.
2019-04-07 02:30:17,373  INFO PostProcessorRegistrationDelegate$BeanPostProcessorChecker:330 - Bean 'org.springframework.transaction.annotation.ProxyTransactionManagementConfiguration' of type [org.springframework.transaction.annotation.ProxyTransactionManagementConfiguration$$EnhancerBySpringCGLIB$$54451417] is not eligible for getting processed by all BeanPostProcessors (for example: not eligible for auto-proxying)
2019-04-07 02:30:17,726  INFO TomcatWebServer:90 - Tomcat initialized with port(s): 8080 (http)
2019-04-07 02:30:17,738  INFO Http11NioProtocol:173 - Initializing ProtocolHandler ["http-nio-8080"]
2019-04-07 02:30:17,745  INFO StandardService:173 - Starting service [Tomcat]
2019-04-07 02:30:17,746  INFO StandardEngine:173 - Starting Servlet engine: [Apache Tomcat/9.0.16]
2019-04-07 02:30:17,752  INFO AprLifecycleListener:173 - The APR based Apache Tomcat Native library which allows optimal performance in production environments was not found on the java.library.path: [E:\Must\JDK\Java\jdk1.8.0_65\bin;C:\WINDOWS\Sun\Java\bin;C:\WINDOWS\system32;C:\WINDOWS;C:\ProgramData\Oracle\Java\javapath;C:\Windows\system32;C:\Windows;C:\Windows\System32\Wbem;C:\Windows\System32\WindowsPowerShell\v1.0\;C:\Program Files\dotnet\;C:\Strawberry\c\bin;C:\Strawberry\perl\site\bin;C:\Strawberry\perl\bin;C:\Program Files (x86)\NVIDIA Corporation\PhysX\Common;C:\WINDOWS\system32;C:\WINDOWS;C:\WINDOWS\System32\Wbem;C:\WINDOWS\System32\WindowsPowerShell\v1.0\;C:\WINDOWS\System32\OpenSSH\;D:\jupyter notebook;E:\Must\JDK\Java\jre1.8.0_91\bin;E:\Must\JDK\Java\jdk1.8.0_65\bin;E:\DailySoft\apache-maven-3.6.0\bin;E:\Must\Tomcat\bin;E:\Must\Monitor\Nox\bin;E:\Must\AndroidSDK;E:\Must\Python;E:\Must\Qt\5.9.4\msvc2017_64\bin;C:\Program Files\MySQL\MySQL Server 8.0\bin;C:\Program Files\Microsoft SQL Server\130\Tools\Binn\;E:\Must\Complier\mingw-w64-gcc-4.8.2-stable-r10;E:\Git\cmd;C:\Users\Alisa\AppData\Local\Microsoft\WindowsApps;;D:\PyCharm 2018.3.4\bin;;.]
2019-04-07 02:30:17,914  INFO [/]:173 - Initializing Spring embedded WebApplicationContext
2019-04-07 02:30:17,914  INFO ContextLoader:296 - Root WebApplicationContext: initialization completed in 3683 ms
2019-04-07 02:30:17,982  INFO DruidDataSourceAutoConfigure:56 - Init DruidDataSource
2019-04-07 02:30:18,102  INFO DruidDataSource:928 - {dataSource-1} inited
2019-04-07 02:30:18,872  INFO Version:46 - HHH000412: Hibernate Core {5.3.7.Final}
2019-04-07 02:30:18,873  INFO Environment:213 - HHH000206: hibernate.properties not found
2019-04-07 02:30:18,984  INFO Version:49 - HCANN000001: Hibernate Commons Annotations {5.0.4.Final}
2019-04-07 02:30:19,120  INFO Dialect:157 - HHH000400: Using dialect: org.hibernate.dialect.MySQL5Dialect
2019-04-07 02:30:19,660  INFO LocalContainerEntityManagerFactoryBean:415 - Initialized JPA EntityManagerFactory for persistence unit 'default'
2019-04-07 02:30:19,965  INFO ThreadPoolTaskExecutor:171 - Initializing ExecutorService 'applicationTaskExecutor'
2019-04-07 02:30:19,994  WARN JpaBaseConfiguration$JpaWebConfiguration$JpaWebMvcConfiguration:236 - spring.jpa.open-in-view is enabled by default. Therefore, database queries may be performed during view rendering. Explicitly configure spring.jpa.open-in-view to disable this warning
2019-04-07 02:30:20,186  INFO OptionalLiveReloadServer:57 - LiveReload server is running on port 35729
2019-04-07 02:30:20,233  INFO Http11NioProtocol:173 - Starting ProtocolHandler ["http-nio-8080"]
2019-04-07 02:30:20,256  INFO TomcatWebServer:204 - Tomcat started on port(s): 8080 (http) with context path ''
2019-04-07 02:30:20,259  INFO BooksApplication:59 - Started BooksApplication in 6.357 seconds (JVM running for 8.156)
2019-04-07 02:33:32,373  INFO BooksApplication:50 - Starting BooksApplication on Alisa with PID 4424 (E:\Document\Books\target\classes started by Alisa in E:\Document\Books)
2019-04-07 02:33:32,375  INFO BooksApplication:675 - No active profile set, falling back to default profiles: default
2019-04-07 02:33:32,411  INFO DevToolsPropertyDefaultsPostProcessor:227 - Devtools property defaults active! Set 'spring.devtools.add-properties' to 'false' to disable
2019-04-07 02:33:32,411  INFO DevToolsPropertyDefaultsPostProcessor:227 - For additional web related logging consider setting the 'logging.level.web' property to 'DEBUG'
2019-04-07 02:33:34,542  INFO RepositoryConfigurationDelegate:126 - Bootstrapping Spring Data repositories in DEFAULT mode.
2019-04-07 02:33:35,384  INFO RepositoryConfigurationDelegate:182 - Finished Spring Data repository scanning in 829ms. Found 0 repository interfaces.
2019-04-07 02:33:35,648  INFO PostProcessorRegistrationDelegate$BeanPostProcessorChecker:330 - Bean 'org.springframework.transaction.annotation.ProxyTransactionManagementConfiguration' of type [org.springframework.transaction.annotation.ProxyTransactionManagementConfiguration$$EnhancerBySpringCGLIB$$cbe2af16] is not eligible for getting processed by all BeanPostProcessors (for example: not eligible for auto-proxying)
2019-04-07 02:33:35,983  INFO TomcatWebServer:90 - Tomcat initialized with port(s): 8080 (http)
2019-04-07 02:33:35,996  INFO Http11NioProtocol:173 - Initializing ProtocolHandler ["http-nio-8080"]
2019-04-07 02:33:36,003  INFO StandardService:173 - Starting service [Tomcat]
2019-04-07 02:33:36,003  INFO StandardEngine:173 - Starting Servlet engine: [Apache Tomcat/9.0.16]
2019-04-07 02:33:36,087  INFO AprLifecycleListener:173 - The APR based Apache Tomcat Native library which allows optimal performance in production environments was not found on the java.library.path: [E:\Must\JDK\Java\jdk1.8.0_65\bin;C:\WINDOWS\Sun\Java\bin;C:\WINDOWS\system32;C:\WINDOWS;C:\ProgramData\Oracle\Java\javapath;C:\Windows\system32;C:\Windows;C:\Windows\System32\Wbem;C:\Windows\System32\WindowsPowerShell\v1.0\;C:\Program Files\dotnet\;C:\Strawberry\c\bin;C:\Strawberry\perl\site\bin;C:\Strawberry\perl\bin;C:\Program Files (x86)\NVIDIA Corporation\PhysX\Common;C:\WINDOWS\system32;C:\WINDOWS;C:\WINDOWS\System32\Wbem;C:\WINDOWS\System32\WindowsPowerShell\v1.0\;C:\WINDOWS\System32\OpenSSH\;D:\jupyter notebook;E:\Must\JDK\Java\jre1.8.0_91\bin;E:\Must\JDK\Java\jdk1.8.0_65\bin;E:\DailySoft\apache-maven-3.6.0\bin;E:\Must\Tomcat\bin;E:\Must\Monitor\Nox\bin;E:\Must\AndroidSDK;E:\Must\Python;E:\Must\Qt\5.9.4\msvc2017_64\bin;C:\Program Files\MySQL\MySQL Server 8.0\bin;C:\Program Files\Microsoft SQL Server\130\Tools\Binn\;E:\Must\Complier\mingw-w64-gcc-4.8.2-stable-r10;E:\Git\cmd;C:\Users\Alisa\AppData\Local\Microsoft\WindowsApps;;D:\PyCharm 2018.3.4\bin;;.]
2019-04-07 02:33:36,175  INFO [/]:173 - Initializing Spring embedded WebApplicationContext
2019-04-07 02:33:36,175  INFO ContextLoader:296 - Root WebApplicationContext: initialization completed in 3764 ms
2019-04-07 02:33:36,241  INFO DruidDataSourceAutoConfigure:56 - Init DruidDataSource
2019-04-07 02:33:36,356  INFO DruidDataSource:928 - {dataSource-1} inited
2019-04-07 02:33:37,121  INFO Version:46 - HHH000412: Hibernate Core {5.3.7.Final}
2019-04-07 02:33:37,122  INFO Environment:213 - HHH000206: hibernate.properties not found
2019-04-07 02:33:37,232  INFO Version:49 - HCANN000001: Hibernate Commons Annotations {5.0.4.Final}
2019-04-07 02:33:37,364  INFO Dialect:157 - HHH000400: Using dialect: org.hibernate.dialect.MySQL5Dialect
2019-04-07 02:33:37,918  INFO LocalContainerEntityManagerFactoryBean:415 - Initialized JPA EntityManagerFactory for persistence unit 'default'
2019-04-07 02:33:38,237  INFO ThreadPoolTaskExecutor:171 - Initializing ExecutorService 'applicationTaskExecutor'
2019-04-07 02:33:38,267  WARN JpaBaseConfiguration$JpaWebConfiguration$JpaWebMvcConfiguration:236 - spring.jpa.open-in-view is enabled by default. Therefore, database queries may be performed during view rendering. Explicitly configure spring.jpa.open-in-view to disable this warning
2019-04-07 02:33:38,467  INFO OptionalLiveReloadServer:57 - LiveReload server is running on port 35729
2019-04-07 02:33:38,512  INFO Http11NioProtocol:173 - Starting ProtocolHandler ["http-nio-8080"]
2019-04-07 02:33:38,535  INFO TomcatWebServer:204 - Tomcat started on port(s): 8080 (http) with context path ''
2019-04-07 02:33:38,538  INFO BooksApplication:59 - Started BooksApplication in 6.435 seconds (JVM running for 8.22)
2019-04-07 02:33:50,222  INFO BooksApplication:50 - Starting BooksApplication on Alisa with PID 7772 (E:\Document\Books\target\classes started by Alisa in E:\Document\Books)
2019-04-07 02:33:50,224  INFO BooksApplication:675 - No active profile set, falling back to default profiles: default
2019-04-07 02:33:50,298  INFO DevToolsPropertyDefaultsPostProcessor:227 - Devtools property defaults active! Set 'spring.devtools.add-properties' to 'false' to disable
2019-04-07 02:33:50,298  INFO DevToolsPropertyDefaultsPostProcessor:227 - For additional web related logging consider setting the 'logging.level.web' property to 'DEBUG'
2019-04-07 02:33:52,319  INFO RepositoryConfigurationDelegate:126 - Bootstrapping Spring Data repositories in DEFAULT mode.
2019-04-07 02:33:53,135  INFO RepositoryConfigurationDelegate:182 - Finished Spring Data repository scanning in 803ms. Found 0 repository interfaces.
2019-04-07 02:33:53,412  INFO PostProcessorRegistrationDelegate$BeanPostProcessorChecker:330 - Bean 'org.springframework.transaction.annotation.ProxyTransactionManagementConfiguration' of type [org.springframework.transaction.annotation.ProxyTransactionManagementConfiguration$$EnhancerBySpringCGLIB$$80eaa31b] is not eligible for getting processed by all BeanPostProcessors (for example: not eligible for auto-proxying)
2019-04-07 02:33:53,740  INFO TomcatWebServer:90 - Tomcat initialized with port(s): 8080 (http)
2019-04-07 02:33:53,751  INFO Http11NioProtocol:173 - Initializing ProtocolHandler ["http-nio-8080"]
2019-04-07 02:33:53,758  INFO StandardService:173 - Starting service [Tomcat]
2019-04-07 02:33:53,759  INFO StandardEngine:173 - Starting Servlet engine: [Apache Tomcat/9.0.16]
2019-04-07 02:33:53,764  INFO AprLifecycleListener:173 - The APR based Apache Tomcat Native library which allows optimal performance in production environments was not found on the java.library.path: [E:\Must\JDK\Java\jdk1.8.0_65\bin;C:\WINDOWS\Sun\Java\bin;C:\WINDOWS\system32;C:\WINDOWS;C:\ProgramData\Oracle\Java\javapath;C:\Windows\system32;C:\Windows;C:\Windows\System32\Wbem;C:\Windows\System32\WindowsPowerShell\v1.0\;C:\Program Files\dotnet\;C:\Strawberry\c\bin;C:\Strawberry\perl\site\bin;C:\Strawberry\perl\bin;C:\Program Files (x86)\NVIDIA Corporation\PhysX\Common;C:\WINDOWS\system32;C:\WINDOWS;C:\WINDOWS\System32\Wbem;C:\WINDOWS\System32\WindowsPowerShell\v1.0\;C:\WINDOWS\System32\OpenSSH\;D:\jupyter notebook;E:\Must\JDK\Java\jre1.8.0_91\bin;E:\Must\JDK\Java\jdk1.8.0_65\bin;E:\DailySoft\apache-maven-3.6.0\bin;E:\Must\Tomcat\bin;E:\Must\Monitor\Nox\bin;E:\Must\AndroidSDK;E:\Must\Python;E:\Must\Qt\5.9.4\msvc2017_64\bin;C:\Program Files\MySQL\MySQL Server 8.0\bin;C:\Program Files\Microsoft SQL Server\130\Tools\Binn\;E:\Must\Complier\mingw-w64-gcc-4.8.2-stable-r10;E:\Git\cmd;C:\Users\Alisa\AppData\Local\Microsoft\WindowsApps;;D:\PyCharm 2018.3.4\bin;;.]
2019-04-07 02:33:53,929  INFO [/]:173 - Initializing Spring embedded WebApplicationContext
2019-04-07 02:33:53,929  INFO ContextLoader:296 - Root WebApplicationContext: initialization completed in 3631 ms
2019-04-07 02:33:53,995  INFO DruidDataSourceAutoConfigure:56 - Init DruidDataSource
2019-04-07 02:33:54,110  INFO DruidDataSource:928 - {dataSource-1} inited
2019-04-07 02:33:54,894  INFO Version:46 - HHH000412: Hibernate Core {5.3.7.Final}
2019-04-07 02:33:54,895  INFO Environment:213 - HHH000206: hibernate.properties not found
2019-04-07 02:33:55,009  INFO Version:49 - HCANN000001: Hibernate Commons Annotations {5.0.4.Final}
2019-04-07 02:33:55,141  INFO Dialect:157 - HHH000400: Using dialect: org.hibernate.dialect.MySQL5Dialect
2019-04-07 02:33:55,713  INFO LocalContainerEntityManagerFactoryBean:415 - Initialized JPA EntityManagerFactory for persistence unit 'default'
2019-04-07 02:33:56,014  INFO ThreadPoolTaskExecutor:171 - Initializing ExecutorService 'applicationTaskExecutor'
2019-04-07 02:33:56,042  WARN JpaBaseConfiguration$JpaWebConfiguration$JpaWebMvcConfiguration:236 - spring.jpa.open-in-view is enabled by default. Therefore, database queries may be performed during view rendering. Explicitly configure spring.jpa.open-in-view to disable this warning
2019-04-07 02:33:56,228  INFO OptionalLiveReloadServer:57 - LiveReload server is running on port 35729
2019-04-07 02:33:56,273  INFO Http11NioProtocol:173 - Starting ProtocolHandler ["http-nio-8080"]
2019-04-07 02:33:56,295  INFO TomcatWebServer:204 - Tomcat started on port(s): 8080 (http) with context path ''
2019-04-07 02:33:56,297  INFO BooksApplication:59 - Started BooksApplication in 6.337 seconds (JVM running for 8.009)
